2024-05-13 22:26:34,412 [Worker-4: Loading available Gradle versions] INFO  o.e.b.c.i.u.g.PublishedGradleVersions - Gradle version information cache is up-to-date. Trying to read.
2024-05-13 22:27:01,658 [Worker-0: Building] INFO  o.e.m.c.i.l.LifecycleMappingFactory - Using org.eclipse.m2e.jdt.JarLifecycleMapping lifecycle mapping for MavenProject: Hexaware:EmployRealTime:0.0.1-SNAPSHOT @ C:\JavaTraining\May8(Maven)\EmployRealTime\pom.xml.
2024-05-13 22:27:01,658 [Worker-9: Updating Maven Dependencies] INFO  o.e.m.c.i.l.LifecycleMappingFactory - Using org.eclipse.m2e.jdt.JarLifecycleMapping lifecycle mapping for MavenProject: Hexaware:EmployRealTime:0.0.1-SNAPSHOT @ C:\JavaTraining\May8(Maven)\EmployRealTime\pom.xml.
2024-05-13 22:27:01,731 [Worker-9: Updating Maven Dependencies] WARN  o.e.m.c.i.embedder.EclipseLogger - The artifact mysql:mysql-connector-java:jar:8.0.33 has been relocated to com.mysql:mysql-connector-j:jar:8.0.33: MySQL Connector/J artifacts moved to reverse-DNS compliant Maven 2+ coordinates.
2024-05-13 22:27:01,735 [Worker-0: Building] WARN  o.e.m.c.i.embedder.EclipseLogger - The artifact mysql:mysql-connector-java:jar:8.0.33 has been relocated to com.mysql:mysql-connector-j:jar:8.0.33: MySQL Connector/J artifacts moved to reverse-DNS compliant Maven 2+ coordinates.
2024-05-13 22:27:02,866 [Worker-0: Building] INFO  o.a.m.s.f.DefaultMavenResourcesFiltering - skip non existing resourceDirectory C:\JavaTraining\May8(Maven)\EmployRealTime\src\main\resources
2024-05-13 22:27:02,873 [Worker-0: Building] INFO  o.a.m.s.f.DefaultMavenResourcesFiltering - skip non existing resourceDirectory C:\JavaTraining\May8(Maven)\EmployRealTime\src\test\resources
2024-05-13 22:27:04,739 [Worker-0: Building] INFO  o.a.m.s.f.DefaultMavenResourcesFiltering - skip non existing resourceDirectory C:\JavaTraining\May8(Maven)\EmployRealTime\src\main\resources
2024-05-13 22:27:04,747 [Worker-0: Building] INFO  o.a.m.s.f.DefaultMavenResourcesFiltering - skip non existing resourceDirectory C:\JavaTraining\May8(Maven)\EmployRealTime\src\test\resources
2024-05-13 22:27:05,397 [Worker-7: Updating Maven Dependencies] INFO  o.e.m.c.i.l.LifecycleMappingFactory - Using org.eclipse.m2e.jdt.JarLifecycleMapping lifecycle mapping for MavenProject: Hexaware:EmployRealTime:0.0.1-SNAPSHOT @ C:\JavaTraining\May8(Maven)\EmployRealTime\pom.xml.
2024-05-13 22:27:05,449 [Worker-7: Updating Maven Dependencies] WARN  o.e.m.c.i.embedder.EclipseLogger - The artifact mysql:mysql-connector-java:jar:8.0.33 has been relocated to com.mysql:mysql-connector-j:jar:8.0.33: MySQL Connector/J artifacts moved to reverse-DNS compliant Maven 2+ coordinates.
2024-05-14 09:36:06,710 [Worker-0: Loading available Gradle versions] INFO  o.e.b.c.i.u.g.PublishedGradleVersions - Gradle version information cache is up-to-date. Trying to read.
2024-05-14 10:38:03,636 [Worker-19: Launching mavenrun-98d48619-e1ad-4e2a-9a8c-4829dca520d8] INFO  o.eclipse.m2e.core.internal.Bundles - getClasspathEntries(Bundle=org.eclipse.m2e.maven.runtime_3.9.600.20231203-1234 [297])
2024-05-14 10:38:03,641 [Worker-19: Launching mavenrun-98d48619-e1ad-4e2a-9a8c-4829dca520d8] INFO  o.eclipse.m2e.core.internal.Bundles - 	Entry: C:\Users\hemaj\.p2\pool\plugins\org.eclipse.m2e.maven.runtime_3.9.600.20231203-1234
2024-05-14 10:38:03,644 [Worker-19: Launching mavenrun-98d48619-e1ad-4e2a-9a8c-4829dca520d8] INFO  o.eclipse.m2e.core.internal.Bundles - 	Entry: C:\Users\hemaj\.p2\pool\plugins\org.eclipse.m2e.maven.runtime_3.9.600.20231203-1234\jars\aopalliance-1.0.jar
2024-05-14 10:38:03,646 [Worker-19: Launching mavenrun-98d48619-e1ad-4e2a-9a8c-4829dca520d8] INFO  o.eclipse.m2e.core.internal.Bundles - 	Entry: C:\Users\hemaj\.p2\pool\plugins\org.eclipse.m2e.maven.runtime_3.9.600.20231203-1234\jars\guice-5.1.0.jar
2024-05-14 10:38:03,647 [Worker-19: Launching mavenrun-98d48619-e1ad-4e2a-9a8c-4829dca520d8] INFO  o.eclipse.m2e.core.internal.Bundles - 	Entry: C:\Users\hemaj\.p2\pool\plugins\org.eclipse.m2e.maven.runtime_3.9.600.20231203-1234\jars\httpclient-4.5.14.jar
2024-05-14 10:38:03,647 [Worker-19: Launching mavenrun-98d48619-e1ad-4e2a-9a8c-4829dca520d8] INFO  o.eclipse.m2e.core.internal.Bundles - 	Entry: C:\Users\hemaj\.p2\pool\plugins\org.eclipse.m2e.maven.runtime_3.9.600.20231203-1234\jars\httpcore-4.4.16.jar
2024-05-14 10:38:03,647 [Worker-19: Launching mavenrun-98d48619-e1ad-4e2a-9a8c-4829dca520d8] INFO  o.eclipse.m2e.core.internal.Bundles - 	Entry: C:\Users\hemaj\.p2\pool\plugins\org.eclipse.m2e.maven.runtime_3.9.600.20231203-1234\jars\jansi-2.4.0.jar
2024-05-14 10:38:03,648 [Worker-19: Launching mavenrun-98d48619-e1ad-4e2a-9a8c-4829dca520d8] INFO  o.eclipse.m2e.core.internal.Bundles - 	Entry: C:\Users\hemaj\.p2\pool\plugins\org.eclipse.m2e.maven.runtime_3.9.600.20231203-1234\jars\jcl-over-slf4j-1.7.36.jar
2024-05-14 10:38:03,648 [Worker-19: Launching mavenrun-98d48619-e1ad-4e2a-9a8c-4829dca520d8] INFO  o.eclipse.m2e.core.internal.Bundles - 	Entry: C:\Users\hemaj\.p2\pool\plugins\org.eclipse.m2e.maven.runtime_3.9.600.20231203-1234\jars\maven-artifact-3.9.6.jar
2024-05-14 10:38:03,650 [Worker-19: Launching mavenrun-98d48619-e1ad-4e2a-9a8c-4829dca520d8] INFO  o.eclipse.m2e.core.internal.Bundles - 	Entry: C:\Users\hemaj\.p2\pool\plugins\org.eclipse.m2e.maven.runtime_3.9.600.20231203-1234\jars\maven-builder-support-3.9.6.jar
2024-05-14 10:38:03,650 [Worker-19: Launching mavenrun-98d48619-e1ad-4e2a-9a8c-4829dca520d8] INFO  o.eclipse.m2e.core.internal.Bundles - 	Entry: C:\Users\hemaj\.p2\pool\plugins\org.eclipse.m2e.maven.runtime_3.9.600.20231203-1234\jars\maven-compat-3.9.6.jar
2024-05-14 10:38:03,650 [Worker-19: Launching mavenrun-98d48619-e1ad-4e2a-9a8c-4829dca520d8] INFO  o.eclipse.m2e.core.internal.Bundles - 	Entry: C:\Users\hemaj\.p2\pool\plugins\org.eclipse.m2e.maven.runtime_3.9.600.20231203-1234\jars\maven-core-3.9.6.jar
2024-05-14 10:38:03,651 [Worker-19: Launching mavenrun-98d48619-e1ad-4e2a-9a8c-4829dca520d8] INFO  o.eclipse.m2e.core.internal.Bundles - 	Entry: C:\Users\hemaj\.p2\pool\plugins\org.eclipse.m2e.maven.runtime_3.9.600.20231203-1234\jars\maven-embedder-3.9.6.jar
2024-05-14 10:38:03,651 [Worker-19: Launching mavenrun-98d48619-e1ad-4e2a-9a8c-4829dca520d8] INFO  o.eclipse.m2e.core.internal.Bundles - 	Entry: C:\Users\hemaj\.p2\pool\plugins\org.eclipse.m2e.maven.runtime_3.9.600.20231203-1234\jars\maven-model-3.9.6.jar
2024-05-14 10:38:03,651 [Worker-19: Launching mavenrun-98d48619-e1ad-4e2a-9a8c-4829dca520d8] INFO  o.eclipse.m2e.core.internal.Bundles - 	Entry: C:\Users\hemaj\.p2\pool\plugins\org.eclipse.m2e.maven.runtime_3.9.600.20231203-1234\jars\maven-model-builder-3.9.6.jar
2024-05-14 10:38:03,651 [Worker-19: Launching mavenrun-98d48619-e1ad-4e2a-9a8c-4829dca520d8] INFO  o.eclipse.m2e.core.internal.Bundles - 	Entry: C:\Users\hemaj\.p2\pool\plugins\org.eclipse.m2e.maven.runtime_3.9.600.20231203-1234\jars\maven-plugin-api-3.9.6.jar
2024-05-14 10:38:03,651 [Worker-19: Launching mavenrun-98d48619-e1ad-4e2a-9a8c-4829dca520d8] INFO  o.eclipse.m2e.core.internal.Bundles - 	Entry: C:\Users\hemaj\.p2\pool\plugins\org.eclipse.m2e.maven.runtime_3.9.600.20231203-1234\jars\maven-repository-metadata-3.9.6.jar
2024-05-14 10:38:03,652 [Worker-19: Launching mavenrun-98d48619-e1ad-4e2a-9a8c-4829dca520d8] INFO  o.eclipse.m2e.core.internal.Bundles - 	Entry: C:\Users\hemaj\.p2\pool\plugins\org.eclipse.m2e.maven.runtime_3.9.600.20231203-1234\jars\maven-resolver-api-1.9.18.jar
2024-05-14 10:38:03,652 [Worker-19: Launching mavenrun-98d48619-e1ad-4e2a-9a8c-4829dca520d8] INFO  o.eclipse.m2e.core.internal.Bundles - 	Entry: C:\Users\hemaj\.p2\pool\plugins\org.eclipse.m2e.maven.runtime_3.9.600.20231203-1234\jars\maven-resolver-connector-basic-1.9.18.jar
2024-05-14 10:38:03,652 [Worker-19: Launching mavenrun-98d48619-e1ad-4e2a-9a8c-4829dca520d8] INFO  o.eclipse.m2e.core.internal.Bundles - 	Entry: C:\Users\hemaj\.p2\pool\plugins\org.eclipse.m2e.maven.runtime_3.9.600.20231203-1234\jars\maven-resolver-impl-1.9.18.jar
2024-05-14 10:38:03,652 [Worker-19: Launching mavenrun-98d48619-e1ad-4e2a-9a8c-4829dca520d8] INFO  o.eclipse.m2e.core.internal.Bundles - 	Entry: C:\Users\hemaj\.p2\pool\plugins\org.eclipse.m2e.maven.runtime_3.9.600.20231203-1234\jars\maven-resolver-named-locks-1.9.18.jar
2024-05-14 10:38:03,652 [Worker-19: Launching mavenrun-98d48619-e1ad-4e2a-9a8c-4829dca520d8] INFO  o.eclipse.m2e.core.internal.Bundles - 	Entry: C:\Users\hemaj\.p2\pool\plugins\org.eclipse.m2e.maven.runtime_3.9.600.20231203-1234\jars\maven-resolver-provider-3.9.6.jar
2024-05-14 10:38:03,652 [Worker-19: Launching mavenrun-98d48619-e1ad-4e2a-9a8c-4829dca520d8] INFO  o.eclipse.m2e.core.internal.Bundles - 	Entry: C:\Users\hemaj\.p2\pool\plugins\org.eclipse.m2e.maven.runtime_3.9.600.20231203-1234\jars\maven-resolver-spi-1.9.18.jar
2024-05-14 10:38:03,652 [Worker-19: Launching mavenrun-98d48619-e1ad-4e2a-9a8c-4829dca520d8] INFO  o.eclipse.m2e.core.internal.Bundles - 	Entry: C:\Users\hemaj\.p2\pool\plugins\org.eclipse.m2e.maven.runtime_3.9.600.20231203-1234\jars\maven-resolver-transport-file-1.9.18.jar
2024-05-14 10:38:03,654 [Worker-19: Launching mavenrun-98d48619-e1ad-4e2a-9a8c-4829dca520d8] INFO  o.eclipse.m2e.core.internal.Bundles - 	Entry: C:\Users\hemaj\.p2\pool\plugins\org.eclipse.m2e.maven.runtime_3.9.600.20231203-1234\jars\maven-resolver-transport-http-1.9.18.jar
2024-05-14 10:38:03,654 [Worker-19: Launching mavenrun-98d48619-e1ad-4e2a-9a8c-4829dca520d8] INFO  o.eclipse.m2e.core.internal.Bundles - 	Entry: C:\Users\hemaj\.p2\pool\plugins\org.eclipse.m2e.maven.runtime_3.9.600.20231203-1234\jars\maven-resolver-transport-wagon-1.9.18.jar
2024-05-14 10:38:03,655 [Worker-19: Launching mavenrun-98d48619-e1ad-4e2a-9a8c-4829dca520d8] INFO  o.eclipse.m2e.core.internal.Bundles - 	Entry: C:\Users\hemaj\.p2\pool\plugins\org.eclipse.m2e.maven.runtime_3.9.600.20231203-1234\jars\maven-resolver-util-1.9.18.jar
2024-05-14 10:38:03,655 [Worker-19: Launching mavenrun-98d48619-e1ad-4e2a-9a8c-4829dca520d8] INFO  o.eclipse.m2e.core.internal.Bundles - 	Entry: C:\Users\hemaj\.p2\pool\plugins\org.eclipse.m2e.maven.runtime_3.9.600.20231203-1234\jars\maven-settings-3.9.6.jar
2024-05-14 10:38:03,656 [Worker-19: Launching mavenrun-98d48619-e1ad-4e2a-9a8c-4829dca520d8] INFO  o.eclipse.m2e.core.internal.Bundles - 	Entry: C:\Users\hemaj\.p2\pool\plugins\org.eclipse.m2e.maven.runtime_3.9.600.20231203-1234\jars\maven-settings-builder-3.9.6.jar
2024-05-14 10:38:03,656 [Worker-19: Launching mavenrun-98d48619-e1ad-4e2a-9a8c-4829dca520d8] INFO  o.eclipse.m2e.core.internal.Bundles - 	Entry: C:\Users\hemaj\.p2\pool\plugins\org.eclipse.m2e.maven.runtime_3.9.600.20231203-1234\jars\maven-shared-utils-3.3.4.jar
2024-05-14 10:38:03,656 [Worker-19: Launching mavenrun-98d48619-e1ad-4e2a-9a8c-4829dca520d8] INFO  o.eclipse.m2e.core.internal.Bundles - 	Entry: C:\Users\hemaj\.p2\pool\plugins\org.eclipse.m2e.maven.runtime_3.9.600.20231203-1234\jars\org.eclipse.sisu.inject-0.9.0.M2.jar
2024-05-14 10:38:03,656 [Worker-19: Launching mavenrun-98d48619-e1ad-4e2a-9a8c-4829dca520d8] INFO  o.eclipse.m2e.core.internal.Bundles - 	Entry: C:\Users\hemaj\.p2\pool\plugins\org.eclipse.m2e.maven.runtime_3.9.600.20231203-1234\jars\org.eclipse.sisu.plexus-0.9.0.M2.jar
2024-05-14 10:38:03,656 [Worker-19: Launching mavenrun-98d48619-e1ad-4e2a-9a8c-4829dca520d8] INFO  o.eclipse.m2e.core.internal.Bundles - 	Entry: C:\Users\hemaj\.p2\pool\plugins\org.eclipse.m2e.maven.runtime_3.9.600.20231203-1234\jars\plexus-build-api-0.0.7.jar
2024-05-14 10:38:03,657 [Worker-19: Launching mavenrun-98d48619-e1ad-4e2a-9a8c-4829dca520d8] INFO  o.eclipse.m2e.core.internal.Bundles - 	Entry: C:\Users\hemaj\.p2\pool\plugins\org.eclipse.m2e.maven.runtime_3.9.600.20231203-1234\jars\plexus-cipher-2.0.jar
2024-05-14 10:38:03,657 [Worker-19: Launching mavenrun-98d48619-e1ad-4e2a-9a8c-4829dca520d8] INFO  o.eclipse.m2e.core.internal.Bundles - 	Entry: C:\Users\hemaj\.p2\pool\plugins\org.eclipse.m2e.maven.runtime_3.9.600.20231203-1234\jars\plexus-classworlds-2.7.0.jar
2024-05-14 10:38:03,658 [Worker-19: Launching mavenrun-98d48619-e1ad-4e2a-9a8c-4829dca520d8] INFO  o.eclipse.m2e.core.internal.Bundles - 	Entry: C:\Users\hemaj\.p2\pool\plugins\org.eclipse.m2e.maven.runtime_3.9.600.20231203-1234\jars\plexus-component-annotations-2.1.0.jar
2024-05-14 10:38:03,658 [Worker-19: Launching mavenrun-98d48619-e1ad-4e2a-9a8c-4829dca520d8] INFO  o.eclipse.m2e.core.internal.Bundles - 	Entry: C:\Users\hemaj\.p2\pool\plugins\org.eclipse.m2e.maven.runtime_3.9.600.20231203-1234\jars\plexus-interpolation-1.26.jar
2024-05-14 10:38:03,658 [Worker-19: Launching mavenrun-98d48619-e1ad-4e2a-9a8c-4829dca520d8] INFO  o.eclipse.m2e.core.internal.Bundles - 	Entry: C:\Users\hemaj\.p2\pool\plugins\org.eclipse.m2e.maven.runtime_3.9.600.20231203-1234\jars\plexus-sec-dispatcher-2.0.jar
2024-05-14 10:38:03,658 [Worker-19: Launching mavenrun-98d48619-e1ad-4e2a-9a8c-4829dca520d8] INFO  o.eclipse.m2e.core.internal.Bundles - 	Entry: C:\Users\hemaj\.p2\pool\plugins\org.eclipse.m2e.maven.runtime_3.9.600.20231203-1234\jars\plexus-utils-3.5.1.jar
2024-05-14 10:38:03,659 [Worker-19: Launching mavenrun-98d48619-e1ad-4e2a-9a8c-4829dca520d8] INFO  o.eclipse.m2e.core.internal.Bundles - 	Entry: C:\Users\hemaj\.p2\pool\plugins\org.eclipse.m2e.maven.runtime_3.9.600.20231203-1234\jars\wagon-file-3.5.3.jar
2024-05-14 10:38:03,659 [Worker-19: Launching mavenrun-98d48619-e1ad-4e2a-9a8c-4829dca520d8] INFO  o.eclipse.m2e.core.internal.Bundles - 	Entry: C:\Users\hemaj\.p2\pool\plugins\org.eclipse.m2e.maven.runtime_3.9.600.20231203-1234\jars\wagon-http-3.5.3.jar
2024-05-14 10:38:03,659 [Worker-19: Launching mavenrun-98d48619-e1ad-4e2a-9a8c-4829dca520d8] INFO  o.eclipse.m2e.core.internal.Bundles - 	Entry: C:\Users\hemaj\.p2\pool\plugins\org.eclipse.m2e.maven.runtime_3.9.600.20231203-1234\jars\wagon-http-shared-3.5.3.jar
2024-05-14 10:38:03,659 [Worker-19: Launching mavenrun-98d48619-e1ad-4e2a-9a8c-4829dca520d8] INFO  o.eclipse.m2e.core.internal.Bundles - 	Entry: C:\Users\hemaj\.p2\pool\plugins\org.eclipse.m2e.maven.runtime_3.9.600.20231203-1234\jars\wagon-provider-api-3.5.3.jar
2024-05-14 10:38:03,661 [Worker-19: Launching mavenrun-98d48619-e1ad-4e2a-9a8c-4829dca520d8] INFO  o.eclipse.m2e.core.internal.Bundles - getClasspathEntries(Bundle=com.google.guava_33.0.0.jre [10])
2024-05-14 10:38:03,661 [Worker-19: Launching mavenrun-98d48619-e1ad-4e2a-9a8c-4829dca520d8] INFO  o.eclipse.m2e.core.internal.Bundles - 	Entry: C:\Users\hemaj\.p2\pool\plugins\com.google.guava_33.0.0.jre.jar
2024-05-14 10:38:03,662 [Worker-19: Launching mavenrun-98d48619-e1ad-4e2a-9a8c-4829dca520d8] INFO  o.eclipse.m2e.core.internal.Bundles - getClasspathEntries(Bundle=slf4j.api_2.0.13 [519])
2024-05-14 10:38:03,662 [Worker-19: Launching mavenrun-98d48619-e1ad-4e2a-9a8c-4829dca520d8] INFO  o.eclipse.m2e.core.internal.Bundles - 	Entry: C:\Users\hemaj\.p2\pool\plugins\slf4j.api_2.0.13.jar
2024-05-14 10:38:03,662 [Worker-19: Launching mavenrun-98d48619-e1ad-4e2a-9a8c-4829dca520d8] INFO  o.eclipse.m2e.core.internal.Bundles - getClasspathEntries(Bundle=jakarta.inject.jakarta.inject-api_1.0.5 [22])
2024-05-14 10:38:03,662 [Worker-19: Launching mavenrun-98d48619-e1ad-4e2a-9a8c-4829dca520d8] INFO  o.eclipse.m2e.core.internal.Bundles - 	Entry: C:\Users\hemaj\.p2\pool\plugins\jakarta.inject.jakarta.inject-api_1.0.5.jar
2024-05-14 10:38:03,662 [Worker-19: Launching mavenrun-98d48619-e1ad-4e2a-9a8c-4829dca520d8] INFO  o.eclipse.m2e.core.internal.Bundles - getClasspathEntries(Bundle=jakarta.annotation-api_1.3.5 [20])
2024-05-14 10:38:03,662 [Worker-19: Launching mavenrun-98d48619-e1ad-4e2a-9a8c-4829dca520d8] INFO  o.eclipse.m2e.core.internal.Bundles - 	Entry: C:\Users\hemaj\.p2\pool\plugins\jakarta.annotation-api_1.3.5.jar
2024-05-14 10:38:03,664 [Worker-19: Launching mavenrun-98d48619-e1ad-4e2a-9a8c-4829dca520d8] INFO  o.eclipse.m2e.core.internal.Bundles - getClasspathEntries(Bundle=org.apache.commons.cli_1.6.0 [46])
2024-05-14 10:38:03,664 [Worker-19: Launching mavenrun-98d48619-e1ad-4e2a-9a8c-4829dca520d8] INFO  o.eclipse.m2e.core.internal.Bundles - 	Entry: C:\Users\hemaj\.p2\pool\plugins\org.apache.commons.cli_1.6.0.jar
2024-05-14 10:38:03,664 [Worker-19: Launching mavenrun-98d48619-e1ad-4e2a-9a8c-4829dca520d8] INFO  o.eclipse.m2e.core.internal.Bundles - getClasspathEntries(Bundle=org.apache.commons.commons-codec_1.16.0 [47])
2024-05-14 10:38:03,664 [Worker-19: Launching mavenrun-98d48619-e1ad-4e2a-9a8c-4829dca520d8] INFO  o.eclipse.m2e.core.internal.Bundles - 	Entry: C:\Users\hemaj\.p2\pool\plugins\org.apache.commons.commons-codec_1.16.0.jar
2024-05-14 10:38:03,665 [Worker-19: Launching mavenrun-98d48619-e1ad-4e2a-9a8c-4829dca520d8] INFO  o.eclipse.m2e.core.internal.Bundles - getClasspathEntries(Bundle=org.apache.commons.lang3_3.14.0 [53])
2024-05-14 10:38:03,666 [Worker-19: Launching mavenrun-98d48619-e1ad-4e2a-9a8c-4829dca520d8] INFO  o.eclipse.m2e.core.internal.Bundles - 	Entry: C:\Users\hemaj\.p2\pool\plugins\org.apache.commons.lang3_3.14.0.jar
2024-05-14 10:38:03,666 [Worker-19: Launching mavenrun-98d48619-e1ad-4e2a-9a8c-4829dca520d8] INFO  o.eclipse.m2e.core.internal.Bundles - getClasspathEntries(Bundle=com.google.guava.failureaccess_1.0.2 [11])
2024-05-14 10:38:03,667 [Worker-19: Launching mavenrun-98d48619-e1ad-4e2a-9a8c-4829dca520d8] INFO  o.eclipse.m2e.core.internal.Bundles - 	Entry: C:\Users\hemaj\.p2\pool\plugins\com.google.guava.failureaccess_1.0.2.jar
2024-05-14 10:38:03,672 [Worker-19: Launching mavenrun-98d48619-e1ad-4e2a-9a8c-4829dca520d8] INFO  o.e.m.i.launch.MavenLaunchDelegate - Run build in "C:\Users\hemaj\AppData\Local\Temp\m2e-archetypeGenerator14983888910233633420":
2024-05-14 10:38:03,680 [Worker-19: Launching mavenrun-98d48619-e1ad-4e2a-9a8c-4829dca520d8] INFO  o.e.m.i.launch.MavenLaunchDelegate -  mvn  -DarchetypeGroupId=de.bripkens -DarchetypeArtifactId=java-quickstart -DarchetypeVersion=0.2.0 -DgroupId=hexaware -DartifactId=junitdemo -Dversion=0.0.1-SNAPSHOT -Dpackage=com.java.junit -DoutputDirectory=C:\JavaTraining -B -Dstyle.color=always -U archetype:generate
2024-05-14 10:38:15,617 [Worker-17: Creating java-quickstart] INFO  o.e.m.c.i.p.ProjectConfigurationManager - Collecting project info '/pom.xml' C:\JavaTraining\junitdemo\pom.xml
2024-05-14 10:38:16,901 [Worker-17: Creating java-quickstart] INFO  o.e.m.c.i.l.LifecycleMappingFactory - Using org.eclipse.m2e.jdt.JarLifecycleMapping lifecycle mapping for MavenProject: hexaware:junitdemo:0.0.1-SNAPSHOT @ C:\JavaTraining\junitdemo\pom.xml.
2024-05-14 10:38:17,953 [Worker-17: Creating java-quickstart] INFO  o.e.m.j.i.AbstractJavaProjectConfigurator - Adding source folder /junitdemo/src/main/java
2024-05-14 10:38:17,956 [Worker-17: Creating java-quickstart] INFO  o.e.m.j.i.AbstractJavaProjectConfigurator - Adding resource folder /junitdemo/src/main/resources
2024-05-14 10:38:17,966 [Worker-17: Creating java-quickstart] INFO  o.e.m.j.i.AbstractJavaProjectConfigurator - Adding source folder /junitdemo/src/test/java
2024-05-14 10:38:17,968 [Worker-17: Creating java-quickstart] INFO  o.e.m.j.i.AbstractJavaProjectConfigurator - Adding resource folder /junitdemo/src/test/resources
2024-05-14 10:38:18,102 [Worker-17: Creating java-quickstart] INFO  o.e.m.c.i.p.ProjectConfigurationManager - Imported and configured 1 project(s) in 2 sec
2024-05-14 10:38:18,460 [Worker-21: Building] INFO  o.a.m.s.f.DefaultMavenResourcesFiltering - skip non existing resourceDirectory C:\JavaTraining\junitdemo\src\main\resources
2024-05-14 10:38:18,470 [Worker-21: Building] INFO  o.a.m.s.f.DefaultMavenResourcesFiltering - skip non existing resourceDirectory C:\JavaTraining\junitdemo\src\test\resources
2024-05-14 10:39:01,838 [Worker-17: Building] INFO  o.a.m.s.f.DefaultMavenResourcesFiltering - skip non existing resourceDirectory C:\JavaTraining\junitdemo\src\main\resources
2024-05-14 10:39:01,846 [Worker-17: Building] INFO  o.a.m.s.f.DefaultMavenResourcesFiltering - skip non existing resourceDirectory C:\JavaTraining\junitdemo\src\test\resources
2024-05-14 10:40:33,655 [Worker-19: Building] INFO  o.a.m.s.f.DefaultMavenResourcesFiltering - skip non existing resourceDirectory C:\JavaTraining\junitdemo\src\main\resources
2024-05-14 10:40:33,658 [Worker-19: Building] INFO  o.a.m.s.f.DefaultMavenResourcesFiltering - skip non existing resourceDirectory C:\JavaTraining\junitdemo\src\test\resources
2024-05-14 10:41:26,089 [Worker-22: Building] INFO  o.a.m.s.f.DefaultMavenResourcesFiltering - skip non existing resourceDirectory C:\JavaTraining\junitdemo\src\main\resources
2024-05-14 10:41:26,097 [Worker-22: Building] INFO  o.a.m.s.f.DefaultMavenResourcesFiltering - skip non existing resourceDirectory C:\JavaTraining\junitdemo\src\test\resources
2024-05-14 12:41:37,125 [Worker-25: Building] INFO  o.a.m.s.f.DefaultMavenResourcesFiltering - skip non existing resourceDirectory C:\JavaTraining\junitdemo\src\main\resources
2024-05-14 12:41:37,134 [Worker-25: Building] INFO  o.a.m.s.f.DefaultMavenResourcesFiltering - skip non existing resourceDirectory C:\JavaTraining\junitdemo\src\test\resources
2024-05-14 14:20:19,204 [Worker-2: Loading available Gradle versions] INFO  o.e.b.c.i.u.g.PublishedGradleVersions - Gradle version information cache is up-to-date. Trying to read.
